# JRE version: OpenJDK Runtime Environment (8.0_152-b01) (build 1.8.0_152-release-1343-b01)
# Java VM: OpenJDK 64-Bit Server VM (25.152-b01 mixed mode windows-amd64 compressed oops)
Heap:
 PSYoungGen      total 422912K, used 421807K [0x00000000e0000000, 0x0000000100000000, 0x0000000100000000)
  eden space 344064K, 99% used [0x00000000e0000000,0x00000000f4f4b018,0x00000000f5000000)
  from space 78848K, 99% used [0x00000000f5000000,0x00000000f9ca0d28,0x00000000f9d00000)
  to   space 101376K, 35% used [0x00000000f9d00000,0x00000000fbfd23e0,0x0000000100000000)
 ParOldGen       total 146944K, used 97546K [0x00000000a0000000, 0x00000000a8f80000, 0x00000000e0000000)
  object space 146944K, 66% used [0x00000000a0000000,0x00000000a5f428c8,0x00000000a8f80000)
 Metaspace       used 101108K, capacity 108130K, committed 108416K, reserved 1144832K
  class space    used 12560K, capacity 13872K, committed 13952K, reserved 1048576K
GC Heap History (10 events):
Event: 7846.831 GC heap after
Heap after GC invocations=39 (full 4):
 PSYoungGen      total 463360K, used 7014K [0x00000000e0000000, 0x00000000ffe80000, 0x0000000100000000)
  eden space 409600K, 0% used [0x00000000e0000000,0x00000000e0000000,0x00000000f9000000)
  from space 53760K, 13% used [0x00000000f9000000,0x00000000f96d98a8,0x00000000fc480000)
  to   space 51712K, 0% used [0x00000000fcc00000,0x00000000fcc00000,0x00000000ffe80000)
 ParOldGen       total 146944K, used 72013K [0x00000000a0000000, 0x00000000a8f80000, 0x00000000e0000000)
  object space 146944K, 49% used [0x00000000a0000000,0x00000000a4653738,0x00000000a8f80000)
 Metaspace       used 100363K, capacity 107290K, committed 107520K, reserved 1142784K
  class space    used 12511K, capacity 13787K, committed 13824K, reserved 1048576K
}
Event: 8480.545 GC heap before
{Heap before GC invocations=40 (full 4):
 PSYoungGen      total 463360K, used 416614K [0x00000000e0000000, 0x00000000ffe80000, 0x0000000100000000)
  eden space 409600K, 100% used [0x00000000e0000000,0x00000000f9000000,0x00000000f9000000)
  from space 53760K, 13% used [0x00000000f9000000,0x00000000f96d98a8,0x00000000fc480000)
  to   space 51712K, 0% used [0x00000000fcc00000,0x00000000fcc00000,0x00000000ffe80000)
 ParOldGen       total 146944K, used 72013K [0x00000000a0000000, 0x00000000a8f80000, 0x00000000e0000000)
  object space 146944K, 49% used [0x00000000a0000000,0x00000000a4653738,0x00000000a8f80000)
 Metaspace       used 100664K, capacity 107604K, committed 107904K, reserved 1142784K
  class space    used 12534K, capacity 13828K, committed 13952K, reserved 1048576K
Event: 8480.617 GC heap after
Heap after GC invocations=40 (full 4):
 PSYoungGen      total 450048K, used 51696K [0x00000000e0000000, 0x0000000100000000, 0x0000000100000000)
  eden space 398336K, 0% used [0x00000000e0000000,0x00000000e0000000,0x00000000f8500000)
  from space 51712K, 99% used [0x00000000fcc00000,0x00000000ffe7c358,0x00000000ffe80000)
  to   space 62976K, 0% used [0x00000000f8500000,0x00000000f8500000,0x00000000fc280000)
 ParOldGen       total 146944K, used 76786K [0x00000000a0000000, 0x00000000a8f80000, 0x00000000e0000000)
  object space 146944K, 52% used [0x00000000a0000000,0x00000000a4afcb98,0x00000000a8f80000)
 Metaspace       used 100664K, capacity 107604K, committed 107904K, reserved 1142784K
  class space    used 12534K, capacity 13828K, committed 13952K, reserved 1048576K
}
Event: 8481.310 GC heap before
{Heap before GC invocations=41 (full 4):
 PSYoungGen      total 450048K, used 450032K [0x00000000e0000000, 0x0000000100000000, 0x0000000100000000)
  eden space 398336K, 100% used [0x00000000e0000000,0x00000000f8500000,0x00000000f8500000)
  from space 51712K, 99% used [0x00000000fcc00000,0x00000000ffe7c358,0x00000000ffe80000)
  to   space 62976K, 0% used [0x00000000f8500000,0x00000000f8500000,0x00000000fc280000)
 ParOldGen       total 146944K, used 76786K [0x00000000a0000000, 0x00000000a8f80000, 0x00000000e0000000)
  object space 146944K, 52% used [0x00000000a0000000,0x00000000a4afcb98,0x00000000a8f80000)
 Metaspace       used 100675K, capacity 107604K, committed 107904K, reserved 1142784K
  class space    used 12534K, capacity 13828K, committed 13952K, reserved 1048576K
Event: 8481.348 GC heap after
Heap after GC invocations=41 (full 4):
 PSYoungGen      total 448512K, used 50159K [0x00000000e0000000, 0x0000000100000000, 0x0000000100000000)
  eden space 398336K, 0% used [0x00000000e0000000,0x00000000e0000000,0x00000000f8500000)
  from space 50176K, 99% used [0x00000000f8500000,0x00000000fb5fbea0,0x00000000fb600000)
  to   space 70144K, 0% used [0x00000000fbb80000,0x00000000fbb80000,0x0000000100000000)
 ParOldGen       total 146944K, used 76961K [0x00000000a0000000, 0x00000000a8f80000, 0x00000000e0000000)
  object space 146944K, 52% used [0x00000000a0000000,0x00000000a4b287f0,0x00000000a8f80000)
 Metaspace       used 100675K, capacity 107604K, committed 107904K, reserved 1142784K
  class space    used 12534K, capacity 13828K, committed 13952K, reserved 1048576K
}
Event: 9756.632 GC heap before
{Heap before GC invocations=42 (full 4):
 PSYoungGen      total 448512K, used 448495K [0x00000000e0000000, 0x0000000100000000, 0x0000000100000000)
  eden space 398336K, 100% used [0x00000000e0000000,0x00000000f8500000,0x00000000f8500000)
  from space 50176K, 99% used [0x00000000f8500000,0x00000000fb5fbea0,0x00000000fb600000)
  to   space 70144K, 0% used [0x00000000fbb80000,0x00000000fbb80000,0x0000000100000000)
 ParOldGen       total 146944K, used 76961K [0x00000000a0000000, 0x00000000a8f80000, 0x00000000e0000000)
  object space 146944K, 52% used [0x00000000a0000000,0x00000000a4b287f0,0x00000000a8f80000)
 Metaspace       used 101020K, capacity 108060K, committed 108160K, reserved 1142784K
  class space    used 12557K, capacity 13870K, committed 13952K, reserved 1048576K
Event: 9756.737 GC heap after
Heap after GC invocations=42 (full 4):
 PSYoungGen      total 414208K, used 70131K [0x00000000e0000000, 0x0000000100000000, 0x0000000100000000)
  eden space 344064K, 0% used [0x00000000e0000000,0x00000000e0000000,0x00000000f5000000)
  from space 70144K, 99% used [0x00000000fbb80000,0x00000000ffffcfc8,0x0000000100000000)
  to   space 90112K, 0% used [0x00000000f5000000,0x00000000f5000000,0x00000000fa800000)
 ParOldGen       total 146944K, used 97170K [0x00000000a0000000, 0x00000000a8f80000, 0x00000000e0000000)
  object space 146944K, 66% used [0x00000000a0000000,0x00000000a5ee48c8,0x00000000a8f80000)
 Metaspace       used 101020K, capacity 108060K, committed 108160K, reserved 1142784K
  class space    used 12557K, capacity 13870K, committed 13952K, reserved 1048576K
}
Event: 9758.268 GC heap before
{Heap before GC invocations=43 (full 4):
 PSYoungGen      total 414208K, used 413253K [0x00000000e0000000, 0x0000000100000000, 0x0000000100000000)
  eden space 344064K, 99% used [0x00000000e0000000,0x00000000f4f14578,0x00000000f5000000)
  from space 70144K, 99% used [0x00000000fbb80000,0x00000000ffffcfc8,0x0000000100000000)
  to   space 90112K, 0% used [0x00000000f5000000,0x00000000f5000000,0x00000000fa800000)
 ParOldGen       total 146944K, used 97170K [0x00000000a0000000, 0x00000000a8f80000, 0x00000000e0000000)
  object space 146944K, 66% used [0x00000000a0000000,0x00000000a5ee48c8,0x00000000a8f80000)
 Metaspace       used 101032K, capacity 108060K, committed 108160K, reserved 1142784K
  class space    used 12557K, capacity 13870K, committed 13952K, reserved 1048576K
Event: 9758.332 GC heap after
Heap after GC invocations=43 (full 4):
 PSYoungGen      total 422912K, used 78467K [0x00000000e0000000, 0x0000000100000000, 0x0000000100000000)
  eden space 344064K, 0% used [0x00000000e0000000,0x00000000e0000000,0x00000000f5000000)
  from space 78848K, 99% used [0x00000000f5000000,0x00000000f9ca0d28,0x00000000f9d00000)
  to   space 101376K, 0% used [0x00000000f9d00000,0x00000000f9d00000,0x0000000100000000)
 ParOldGen       total 146944K, used 97490K [0x00000000a0000000, 0x00000000a8f80000, 0x00000000e0000000)
  object space 146944K, 66% used [0x00000000a0000000,0x00000000a5f348c8,0x00000000a8f80000)
 Metaspace       used 101032K, capacity 108060K, committed 108160K, reserved 1142784K
  class space    used 12557K, capacity 13870K, committed 13952K, reserved 1048576K
}
Event: 9995.580 GC heap before
{Heap before GC invocations=44 (full 4):
 PSYoungGen      total 422912K, used 421807K [0x00000000e0000000, 0x0000000100000000, 0x0000000100000000)
  eden space 344064K, 99% used [0x00000000e0000000,0x00000000f4f4b018,0x00000000f5000000)
  from space 78848K, 99% used [0x00000000f5000000,0x00000000f9ca0d28,0x00000000f9d00000)
  to   space 101376K, 0% used [0x00000000f9d00000,0x00000000f9d00000,0x0000000100000000)
 ParOldGen       total 146944K, used 97490K [0x00000000a0000000, 0x00000000a8f80000, 0x00000000e0000000)
  object space 146944K, 66% used [0x00000000a0000000,0x00000000a5f348c8,0x00000000a8f80000)
 Metaspace       used 101108K, capacity 108130K, committed 108416K, reserved 1144832K
  class space    used 12560K, capacity 13872K, committed 13952K, reserved 1048576K

