# JRE version: OpenJDK Runtime Environment (8.0_152-b01) (build 1.8.0_152-release-1343-b01)
# Java VM: OpenJDK 64-Bit Server VM (25.152-b01 mixed mode windows-amd64 compressed oops)
Heap:
 PSYoungGen      total 480256K, used 33081K [0x00000000e0000000, 0x00000000ffe80000, 0x0000000100000000)
  eden space 442368K, 5% used [0x00000000e0000000,0x00000000e1669368,0x00000000fb000000)
  from space 37888K, 26% used [0x00000000fb000000,0x00000000fb9e5350,0x00000000fd500000)
  to   space 37376K, 0% used [0x00000000fda00000,0x00000000fda00000,0x00000000ffe80000)
 ParOldGen       total 181760K, used 61468K [0x00000000a0000000, 0x00000000ab180000, 0x00000000e0000000)
  object space 181760K, 33% used [0x00000000a0000000,0x00000000a3c07120,0x00000000ab180000)
 Metaspace       used 109209K, capacity 112574K, committed 112936K, reserved 1148928K
  class space    used 13562K, capacity 14250K, committed 14384K, reserved 1048576K
GC Heap History (10 events):
Event: 587.923 GC heap before
{Heap before GC invocations=27 (full 4):
 PSYoungGen      total 390656K, used 369729K [0x00000000e0000000, 0x00000000fb300000, 0x0000000100000000)
  eden space 346624K, 100% used [0x00000000e0000000,0x00000000f5280000,0x00000000f5280000)
  from space 44032K, 52% used [0x00000000f7c80000,0x00000000f9310478,0x00000000fa780000)
  to   space 43008K, 0% used [0x00000000f5280000,0x00000000f5280000,0x00000000f7c80000)
 ParOldGen       total 181760K, used 53188K [0x00000000a0000000, 0x00000000ab180000, 0x00000000e0000000)
  object space 181760K, 29% used [0x00000000a0000000,0x00000000a33f10b0,0x00000000ab180000)
 Metaspace       used 109099K, capacity 112418K, committed 112936K, reserved 1148928K
  class space    used 13560K, capacity 14246K, committed 14384K, reserved 1048576K
Event: 587.936 GC heap after
Heap after GC invocations=27 (full 4):
 PSYoungGen      total 389632K, used 10515K [0x00000000e0000000, 0x00000000fe300000, 0x0000000100000000)
  eden space 346624K, 0% used [0x00000000e0000000,0x00000000e0000000,0x00000000f5280000)
  from space 43008K, 24% used [0x00000000f5280000,0x00000000f5cc4d80,0x00000000f7c80000)
  to   space 42496K, 0% used [0x00000000fb980000,0x00000000fb980000,0x00000000fe300000)
 ParOldGen       total 181760K, used 53188K [0x00000000a0000000, 0x00000000ab180000, 0x00000000e0000000)
  object space 181760K, 29% used [0x00000000a0000000,0x00000000a33f10b0,0x00000000ab180000)
 Metaspace       used 109099K, capacity 112418K, committed 112936K, reserved 1148928K
  class space    used 13560K, capacity 14246K, committed 14384K, reserved 1048576K
}
Event: 587.937 GC heap before
{Heap before GC invocations=28 (full 4):
 PSYoungGen      total 389632K, used 12891K [0x00000000e0000000, 0x00000000fe300000, 0x0000000100000000)
  eden space 346624K, 0% used [0x00000000e0000000,0x00000000e0251fe0,0x00000000f5280000)
  from space 43008K, 24% used [0x00000000f5280000,0x00000000f5cc4d80,0x00000000f7c80000)
  to   space 42496K, 0% used [0x00000000fb980000,0x00000000fb980000,0x00000000fe300000)
 ParOldGen       total 181760K, used 53188K [0x00000000a0000000, 0x00000000ab180000, 0x00000000e0000000)
  object space 181760K, 29% used [0x00000000a0000000,0x00000000a33f10b0,0x00000000ab180000)
 Metaspace       used 109099K, capacity 112418K, committed 112936K, reserved 1148928K
  class space    used 13560K, capacity 14246K, committed 14384K, reserved 1048576K
Event: 587.953 GC heap after
Heap after GC invocations=28 (full 4):
 PSYoungGen      total 453120K, used 10488K [0x00000000e0000000, 0x00000000ffd80000, 0x0000000100000000)
  eden space 410624K, 0% used [0x00000000e0000000,0x00000000e0000000,0x00000000f9100000)
  from space 42496K, 24% used [0x00000000fb980000,0x00000000fc3be188,0x00000000fe300000)
  to   space 41472K, 0% used [0x00000000f9100000,0x00000000f9100000,0x00000000fb980000)
 ParOldGen       total 181760K, used 53188K [0x00000000a0000000, 0x00000000ab180000, 0x00000000e0000000)
  object space 181760K, 29% used [0x00000000a0000000,0x00000000a33f10b0,0x00000000ab180000)
 Metaspace       used 109099K, capacity 112418K, committed 112936K, reserved 1148928K
  class space    used 13560K, capacity 14246K, committed 14384K, reserved 1048576K
}
Event: 589.164 GC heap before
{Heap before GC invocations=29 (full 4):
 PSYoungGen      total 453120K, used 421112K [0x00000000e0000000, 0x00000000ffd80000, 0x0000000100000000)
  eden space 410624K, 100% used [0x00000000e0000000,0x00000000f9100000,0x00000000f9100000)
  from space 42496K, 24% used [0x00000000fb980000,0x00000000fc3be188,0x00000000fe300000)
  to   space 41472K, 0% used [0x00000000f9100000,0x00000000f9100000,0x00000000fb980000)
 ParOldGen       total 181760K, used 53188K [0x00000000a0000000, 0x00000000ab180000, 0x00000000e0000000)
  object space 181760K, 29% used [0x00000000a0000000,0x00000000a33f10b0,0x00000000ab180000)
 Metaspace       used 109130K, capacity 112496K, committed 112936K, reserved 1148928K
  class space    used 13562K, capacity 14249K, committed 14384K, reserved 1048576K
Event: 589.191 GC heap after
Heap after GC invocations=29 (full 4):
 PSYoungGen      total 452096K, used 20536K [0x00000000e0000000, 0x00000000ffc00000, 0x0000000100000000)
  eden space 410624K, 0% used [0x00000000e0000000,0x00000000e0000000,0x00000000f9100000)
  from space 41472K, 49% used [0x00000000f9100000,0x00000000fa50e058,0x00000000fb980000)
  to   space 39936K, 0% used [0x00000000fd500000,0x00000000fd500000,0x00000000ffc00000)
 ParOldGen       total 181760K, used 53188K [0x00000000a0000000, 0x00000000ab180000, 0x00000000e0000000)
  object space 181760K, 29% used [0x00000000a0000000,0x00000000a33f10b0,0x00000000ab180000)
 Metaspace       used 109130K, capacity 112496K, committed 112936K, reserved 1148928K
  class space    used 13562K, capacity 14249K, committed 14384K, reserved 1048576K
}
Event: 590.407 GC heap before
{Heap before GC invocations=30 (full 4):
 PSYoungGen      total 452096K, used 431160K [0x00000000e0000000, 0x00000000ffc00000, 0x0000000100000000)
  eden space 410624K, 100% used [0x00000000e0000000,0x00000000f9100000,0x00000000f9100000)
  from space 41472K, 49% used [0x00000000f9100000,0x00000000fa50e058,0x00000000fb980000)
  to   space 39936K, 0% used [0x00000000fd500000,0x00000000fd500000,0x00000000ffc00000)
 ParOldGen       total 181760K, used 53188K [0x00000000a0000000, 0x00000000ab180000, 0x00000000e0000000)
  object space 181760K, 29% used [0x00000000a0000000,0x00000000a33f10b0,0x00000000ab180000)
 Metaspace       used 109155K, capacity 112506K, committed 112936K, reserved 1148928K
  class space    used 13562K, capacity 14250K, committed 14384K, reserved 1048576K
Event: 590.446 GC heap after
Heap after GC invocations=30 (full 4):
 PSYoungGen      total 480768K, used 18428K [0x00000000e0000000, 0x00000000ffa80000, 0x0000000100000000)
  eden space 442368K, 0% used [0x00000000e0000000,0x00000000e0000000,0x00000000fb000000)
  from space 38400K, 47% used [0x00000000fd500000,0x00000000fe6ff038,0x00000000ffa80000)
  to   space 37888K, 0% used [0x00000000fb000000,0x00000000fb000000,0x00000000fd500000)
 ParOldGen       total 181760K, used 61208K [0x00000000a0000000, 0x00000000ab180000, 0x00000000e0000000)
  object space 181760K, 33% used [0x00000000a0000000,0x00000000a3bc6110,0x00000000ab180000)
 Metaspace       used 109155K, capacity 112506K, committed 112936K, reserved 1148928K
  class space    used 13562K, capacity 14250K, committed 14384K, reserved 1048576K
}
Event: 591.909 GC heap before
{Heap before GC invocations=31 (full 4):
 PSYoungGen      total 480768K, used 460796K [0x00000000e0000000, 0x00000000ffa80000, 0x0000000100000000)
  eden space 442368K, 100% used [0x00000000e0000000,0x00000000fb000000,0x00000000fb000000)
  from space 38400K, 47% used [0x00000000fd500000,0x00000000fe6ff038,0x00000000ffa80000)
  to   space 37888K, 0% used [0x00000000fb000000,0x00000000fb000000,0x00000000fd500000)
 ParOldGen       total 181760K, used 61208K [0x00000000a0000000, 0x00000000ab180000, 0x00000000e0000000)
  object space 181760K, 33% used [0x00000000a0000000,0x00000000a3bc6110,0x00000000ab180000)
 Metaspace       used 109209K, capacity 112574K, committed 112936K, reserved 1148928K
  class space    used 13562K, capacity 14250K, committed 14384K, reserved 1048576K
Event: 591.924 GC heap after
Heap after GC invocations=31 (full 4):
 PSYoungGen      total 480256K, used 10132K [0x00000000e0000000, 0x00000000ffe80000, 0x0000000100000000)
  eden space 442368K, 0% used [0x00000000e0000000,0x00000000e0000000,0x00000000fb000000)
  from space 37888K, 26% used [0x00000000fb000000,0x00000000fb9e5350,0x00000000fd500000)
  to   space 37376K, 0% used [0x00000000fda00000,0x00000000fda00000,0x00000000ffe80000)
 ParOldGen       total 181760K, used 61468K [0x00000000a0000000, 0x00000000ab180000, 0x00000000e0000000)
  object space 181760K, 33% used [0x00000000a0000000,0x00000000a3c07120,0x00000000ab180000)
 Metaspace       used 109209K, capacity 112574K, committed 112936K, reserved 1148928K
  class space    used 13562K, capacity 14250K, committed 14384K, reserved 1048576K
}

